[2025-08-20T03:06:25.723Z] | [INFO] | [SYSTEM_STARTUP] | Sistema de logging de seguridad iniciado | session:session_1755659185724_lxcoyjvgjdl
[2025-08-20T03:06:25.753Z] | [INFO] | [SYSTEM_STARTUP] | Sistema de logging de seguridad iniciado | session:session_1755659185754_jabyb3d0ofk
[2025-08-20T03:06:25.932Z] | [INFO] | [SYSTEM_STARTUP] | Sistema de logging de seguridad iniciado | session:session_1755659185934_8lj0t04pw7
[2025-08-20T03:06:26.031Z] | [INFO] | [SYSTEM_STARTUP] | Sistema de logging de seguridad iniciado | session:session_1755659186031_yxbj58fw04
[2025-08-20T03:06:31.281Z] | [INFO] | [SYSTEM_STARTUP] | Sistema de logging de seguridad iniciado | session:session_1755659191282_nm0twawrgla
[2025-08-20T03:06:31.519Z] | [INFO] | [SYSTEM_STARTUP] | Sistema de logging de seguridad iniciado | session:session_1755659191519_jje88e2ox2q
[2025-08-20T03:19:31.200Z] | [INFO] | [SYSTEM_STARTUP] | Sistema de logging de seguridad iniciado | session:session_1755659971201_wfmb6yc0ger
[2025-08-20T03:19:31.300Z] | [INFO] | [SYSTEM_STARTUP] | Sistema de logging de seguridad iniciado | session:session_1755659971300_4u9th0y5f9o
[2025-08-20T03:19:31.419Z] | [INFO] | [SYSTEM_STARTUP] | Sistema de logging de seguridad iniciado | session:session_1755659971419_9ioynhis9t9
[2025-08-20T03:19:31.603Z] | [INFO] | [SYSTEM_STARTUP] | Sistema de logging de seguridad iniciado | session:session_1755659971604_mgevzu2ndj
[2025-08-20T03:19:36.078Z] | [INFO] | [SYSTEM_STARTUP] | Sistema de logging de seguridad iniciado | session:session_1755659976079_2chyrxaiqd
[2025-08-20T03:19:36.798Z] | [INFO] | [SYSTEM_STARTUP] | Sistema de logging de seguridad iniciado | session:session_1755659976799_gbq6zawup1g
[2025-08-20T03:25:21.105Z] | [INFO] | [SYSTEM_STARTUP] | Sistema de logging de seguridad iniciado | session:session_1755660321106_2ubw7ob4mzq
[2025-08-20T03:25:21.145Z] | [INFO] | [SYSTEM_STARTUP] | Sistema de logging de seguridad iniciado | session:session_1755660321146_usmd0eg67x
[2025-08-20T03:25:21.192Z] | [INFO] | [SYSTEM_STARTUP] | Sistema de logging de seguridad iniciado | session:session_1755660321193_grvsucd4h8m
[2025-08-20T03:25:21.381Z] | [INFO] | [SYSTEM_STARTUP] | Sistema de logging de seguridad iniciado | session:session_1755660321382_7nd9syc3t2e
[2025-08-20T03:25:26.351Z] | [INFO] | [SYSTEM_STARTUP] | Sistema de logging de seguridad iniciado | session:session_1755660326351_ztr9thnk2k
[2025-08-20T03:25:26.622Z] | [INFO] | [SYSTEM_STARTUP] | Sistema de logging de seguridad iniciado | session:session_1755660326623_7sx7jee5pst
[2025-08-20T04:16:55.613Z] | [INFO] | [SYSTEM_STARTUP] | Sistema de logging de seguridad iniciado | session:session_1755663415614_ors01h6lleh
[2025-08-20T04:16:55.626Z] | [INFO] | [SYSTEM_STARTUP] | Sistema de logging de seguridad iniciado | session:session_1755663415626_tbrgtquga1
[2025-08-20T04:16:55.845Z] | [INFO] | [SYSTEM_STARTUP] | Sistema de logging de seguridad iniciado | session:session_1755663415846_yxiqhwzfzp9
[2025-08-20T04:16:55.904Z] | [INFO] | [SYSTEM_STARTUP] | Sistema de logging de seguridad iniciado | session:session_1755663415905_ixxqfavkc6m
[2025-08-20T04:17:00.326Z] | [INFO] | [SYSTEM_STARTUP] | Sistema de logging de seguridad iniciado | session:session_1755663420327_jygynek9xdh
[2025-08-20T04:17:00.395Z] | [INFO] | [SYSTEM_STARTUP] | Sistema de logging de seguridad iniciado | session:session_1755663420396_a2dv8lwh42k
